<?xml version="1.0" encoding="UTF-8"?>
<testsuite xmlns:xsi="http://www.w3.org/2001/XMLSchema-instance" xsi:schemaLocation="https://maven.apache.org/surefire/maven-surefire-plugin/xsd/surefire-test-report.xsd" name="TestSuite" time="105.634" tests="22" errors="0" skipped="0" failures="0">
  <properties>
    <property name="jansi.mode" value="strip"/>
    <property name="java.runtime.name" value="OpenJDK Runtime Environment"/>
    <property name="java.vm.version" value="18.0.1+10"/>
    <property name="sun.boot.library.path" value="C:\Users\Sony\.p2\pool\plugins\org.eclipse.justj.openjdk.hotspot.jre.full.win32.x86_64_18.0.1.v20220515-1614\jre\bin"/>
    <property name="maven.multiModuleProjectDirectory" value="C:\Users\Sony\Desktop\p\guru99"/>
    <property name="java.vm.vendor" value="Eclipse Adoptium"/>
    <property name="java.vendor.url" value="https://adoptium.net/"/>
    <property name="guice.disable.misplaced.annotation.check" value="true"/>
    <property name="path.separator" value=";"/>
    <property name="java.vm.name" value="OpenJDK 64-Bit Server VM"/>
    <property name="sun.os.patch.level" value=""/>
    <property name="user.script" value=""/>
    <property name="user.country" value="IN"/>
    <property name="sun.java.launcher" value="SUN_STANDARD"/>
    <property name="java.vm.specification.name" value="Java Virtual Machine Specification"/>
    <property name="user.dir" value="C:\Users\Sony\Desktop\p\guru99"/>
    <property name="java.vm.compressedOopsMode" value="32-bit"/>
    <property name="java.runtime.version" value="18.0.1+10"/>
    <property name="os.arch" value="amd64"/>
    <property name="java.io.tmpdir" value="C:\Users\Sony\AppData\Local\Temp\"/>
    <property name="line.separator" value="&#10;"/>
    <property name="java.vm.specification.vendor" value="Oracle Corporation"/>
    <property name="user.variant" value=""/>
    <property name="os.name" value="Windows 10"/>
    <property name="classworlds.conf" value="E:\Monali\.metadata\.plugins\org.eclipse.m2e.launching\launches\m2conf7367686569949265692.tmp"/>
    <property name="sun.jnu.encoding" value="Cp1252"/>
    <property name="java.library.path" value="C:\Users\Sony\.p2\pool\plugins\org.eclipse.justj.openjdk.hotspot.jre.full.win32.x86_64_18.0.1.v20220515-1614\jre\bin;C:\Windows\Sun\Java\bin;C:\Windows\system32;C:\Windows;C:/Users/Sony/.p2/pool/plugins/org.eclipse.justj.openjdk.hotspot.jre.full.win32.x86_64_18.0.1.v20220515-1614/jre/bin/server;C:/Users/Sony/.p2/pool/plugins/org.eclipse.justj.openjdk.hotspot.jre.full.win32.x86_64_18.0.1.v20220515-1614/jre/bin;C:\Windows\system32;C:\Windows;C:\Windows\System32\Wbem;C:\Windows\System32\WindowsPowerShell\v1.0\;C:\Windows\System32\OpenSSH\;C:\Windows\IsmFiles;C:\Program Files\Java\jdk-17\bin;C:\Program Files\apache-maven-3.9.6-bin\apache-maven-3.9.6\bin;C:\Program Files\Git\cmd;C:\Program Files\nodejs\;C:\Program Files (x86)\ATI Technologies\ATI.ACE\Core-Static;C:\Program Files\MySQL\MySQL Shell 8.0\bin\;C:\Users\Sony\AppData\Local\Microsoft\WindowsApps;C:\Program Files\Java\jdk-17\bin;C:\Program Files\apache-maven-3.9.6-bin\apache-maven-3.9.6\bin;C:\Users\Sony\AppData\Local\GitHubDesktop\bin;C:\Users\Sony\AppData\Local\Programs\Microsoft VS Code\bin;C:\Users\Sony\AppData\Roaming\npm;C:\Users\Sony\Desktop;;."/>
    <property name="jdk.debug" value="release"/>
    <property name="java.class.version" value="62.0"/>
    <property name="java.specification.name" value="Java Platform API Specification"/>
    <property name="sun.management.compiler" value="HotSpot 64-Bit Tiered Compilers"/>
    <property name="os.version" value="10.0"/>
    <property name="user.home" value="C:\Users\Sony"/>
    <property name="user.timezone" value="Asia/Calcutta"/>
    <property name="file.encoding" value="UTF-8"/>
    <property name="java.specification.version" value="18"/>
    <property name="user.name" value="Sony"/>
    <property name="java.class.path" value="C:\Users\Sony\.p2\pool\plugins\org.eclipse.m2e.maven.runtime_1.18.3.20220227-1319\jars\plexus-classworlds-2.6.0.jar"/>
    <property name="java.vm.specification.version" value="18"/>
    <property name="sun.arch.data.model" value="64"/>
    <property name="sun.java.command" value="org.codehaus.plexus.classworlds.launcher.Launcher -B install"/>
    <property name="java.home" value="C:\Users\Sony\.p2\pool\plugins\org.eclipse.justj.openjdk.hotspot.jre.full.win32.x86_64_18.0.1.v20220515-1614\jre"/>
    <property name="user.language" value="en"/>
    <property name="java.specification.vendor" value="Oracle Corporation"/>
    <property name="java.vm.info" value="mixed mode"/>
    <property name="java.version" value="18.0.1"/>
    <property name="native.encoding" value="Cp1252"/>
    <property name="java.vendor" value="Eclipse Adoptium"/>
    <property name="maven.home" value="C:\Users\Sony\Desktop\p\guru99\EMBEDDED"/>
    <property name="file.separator" value="\"/>
    <property name="java.version.date" value="2022-04-19"/>
    <property name="java.vendor.url.bug" value="https://github.com/adoptium/adoptium-support/issues"/>
    <property name="sun.io.unicode.encoding" value="UnicodeLittle"/>
    <property name="sun.cpu.endian" value="little"/>
    <property name="java.vendor.version" value="Temurin-18.0.1+10"/>
    <property name="sun.cpu.isalist" value="amd64"/>
  </properties>
  <testcase name="ab" classname="TestLayer.RegisterPageTest" time="0.105"/>
  <testcase name="ab1" classname="TestLayer.RegisterPageTest" time="0.001"/>
  <testcase name="p" classname="TestLayer.RegisterPageTest" time="0.001"/>
  <testcase name="p1" classname="TestLayer.RegisterPageTest" time="0.002"/>
  <testcase name="p2" classname="TestLayer.RegisterPageTest" time="0"/>
  <testcase name="tearDown1" classname="TestLayer.RegisterPageTest" time="0.001"/>
  <testcase name="tearDown2" classname="TestLayer.RegisterPageTest" time="0.002"/>
  <testcase name="tearDown3" classname="TestLayer.RegisterPageTest" time="0.001"/>
  <testcase name="validateRegisterFunctionality" classname="TestLayer.RegisterPageTest" time="10.164"/>
  <testcase name="abc" classname="TestLayer.RegisterSucessTest" time="0.001"/>
  <testcase name="abc10000" classname="TestLayer.RegisterSucessTest" time="0.001"/>
  <testcase name="p1" classname="TestLayer.RegisterSucessTest" time="0"/>
  <testcase name="p2" classname="TestLayer.RegisterSucessTest" time="0"/>
  <testcase name="p2900" classname="TestLayer.RegisterSucessTest" time="0.001"/>
  <testcase name="pqr" classname="TestLayer.RegisterSucessTest" time="0"/>
  <testcase name="pqr1" classname="TestLayer.RegisterSucessTest" time="0.001"/>
  <testcase name="pqr200" classname="TestLayer.RegisterSucessTest" time="0"/>
  <testcase name="xyz" classname="TestLayer.RegisterSucessTest" time="0.001"/>
  <testcase name="validateSucessPageUrl" classname="TestLayer.RegisterSucessTest" time="0.016"/>
  <testcase name="validateFirstName" classname="TestLayer.RegisterSucessTest" time="0.068"/>
  <testcase name="validateLastName" classname="TestLayer.RegisterSucessTest" time="0.053"/>
  <testcase name="validateEmailId" classname="TestLayer.RegisterSucessTest" time="0.13"/>
</testsuite>