<?xml version="1.0" encoding="UTF-8"?>
<!-- Generated by org.testng.reporters.JUnitReportReporter -->
<testsuite hostname="DESKTOP-3M1GHR1" failures="0" tests="13" name="TestLayer.RegisterSucessTest" time="0.272" errors="0" timestamp="2024-04-05T14:55:52 IST" skipped="0">
  <testcase classname="TestLayer.RegisterSucessTest" name="pqr200" time="0.001"/>
  <system-out/>
  <testcase classname="TestLayer.RegisterSucessTest" name="pqr" time="0.001"/>
  <system-out/>
  <testcase classname="TestLayer.RegisterSucessTest" name="p2" time="0.000"/>
  <system-out/>
  <testcase classname="TestLayer.RegisterSucessTest" name="xyz" time="0.001"/>
  <system-out/>
  <testcase classname="TestLayer.RegisterSucessTest" name="p1" time="0.001"/>
  <system-out/>
  <testcase classname="TestLayer.RegisterSucessTest" name="abc" time="0.001"/>
  <system-out/>
  <testcase classname="TestLayer.RegisterSucessTest" name="p2900" time="0.001"/>
  <system-out/>
  <testcase classname="TestLayer.RegisterSucessTest" name="pqr1" time="0.001"/>
  <system-out/>
  <testcase classname="TestLayer.RegisterSucessTest" name="abc10000" time="0.000"/>
  <system-out/>
  <testcase classname="TestLayer.RegisterSucessTest" name="validateSucessPageUrl" time="0.015"/>
  <system-out/>
  <testcase classname="TestLayer.RegisterSucessTest" name="validateFirstName" time="0.067"/>
  <system-out/>
  <testcase classname="TestLayer.RegisterSucessTest" name="validateLastName" time="0.053"/>
  <system-out/>
  <testcase classname="TestLayer.RegisterSucessTest" name="validateEmailId" time="0.130"/>
  <system-out/>
</testsuite> <!-- TestLayer.RegisterSucessTest -->
