<?xml version="1.0" encoding="UTF-8"?>
<!-- Generated by org.testng.reporters.JUnitReportReporter -->
<testsuite hostname="DESKTOP-3M1GHR1" failures="0" tests="9" name="TestLayer.RegisterPageTest" time="10.245" errors="0" timestamp="2024-04-05T14:55:52 IST" skipped="0">
  <testcase classname="TestLayer.RegisterPageTest" name="tearDown2" time="0.001"/>
  <system-out/>
  <testcase classname="TestLayer.RegisterPageTest" name="p" time="0.001"/>
  <system-out/>
  <testcase classname="TestLayer.RegisterPageTest" name="p2" time="0.001"/>
  <system-out/>
  <testcase classname="TestLayer.RegisterPageTest" name="tearDown1" time="0.000"/>
  <system-out/>
  <testcase classname="TestLayer.RegisterPageTest" name="validateRegisterFunctionality" time="10.164"/>
  <system-out/>
  <testcase classname="TestLayer.RegisterPageTest" name="ab" time="0.075"/>
  <system-out/>
  <testcase classname="TestLayer.RegisterPageTest" name="ab1" time="0.001"/>
  <system-out/>
  <testcase classname="TestLayer.RegisterPageTest" name="tearDown3" time="0.001"/>
  <system-out/>
  <testcase classname="TestLayer.RegisterPageTest" name="p1" time="0.001"/>
  <system-out/>
</testsuite> <!-- TestLayer.RegisterPageTest -->
